<?xml version="1.0" encoding="UTF-8"?>
<testsuite xmlns:xsi="http://www.w3.org/2001/XMLSchema-instance" xsi:noNamespaceSchemaLocation="https://maven.apache.org/surefire/maven-surefire-plugin/xsd/surefire-test-report.xsd" version="3.0.2" name="com.example.demo.Kolejka2ApplicationTests" time="2.087" tests="1" errors="0" skipped="0" failures="0">
  <properties>
[...]
</properties>
  <testcase name="contextLoads" classname="com.example.demo.Kolejka2ApplicationTests" time="0.527">
    <system-out><![CDATA[16:47:45.697 [main] INFO org.springframework.test.context.support.AnnotationConfigContextLoaderUtils -- Could not detect default configuration classes for test class [com.example.demo.Kolejka2ApplicationTests]: Kolejka2ApplicationTests does not declare any static, non-private, non-final, nested classes annotated with @Configuration.
16:47:45.777 [main] INFO org.springframework.boot.test.context.SpringBootTestContextBootstrapper -- Found @SpringBootConfiguration com.example.demo.Kolejka2Application for test class com.example.demo.Kolejka2ApplicationTests

  .   ____          _            __ _ _
 /\\ / ___'_ __ _ _(_)_ __  __ _ \ \ \ \
( ( )\___ | '_ | '_| | '_ \/ _` | \ \ \ \
 \\/  ___)| |_)| | | | | || (_| |  ) ) ) )
  '  |____| .__|_| |_|_| |_\__, | / / / /
 =========|_|==============|___/=/_/_/_/

 :: Spring Boot ::                (v3.4.4)

2025-04-08T16:47:46.136+02:00  INFO 8372 --- [Kolejka2] [           main] c.example.demo.Kolejka2ApplicationTests  : Starting Kolejka2ApplicationTests using Java 22.0.2 with PID 8372 (started by Piotrek in F:\projekty JAVA\demo)
2025-04-08T16:47:46.137+02:00  INFO 8372 --- [Kolejka2] [           main] c.example.demo.Kolejka2ApplicationTests  : No active profile set, falling back to 1 default profile: "default"
2025-04-08T16:47:46.952+02:00  INFO 8372 --- [Kolejka2] [           main] o.s.b.a.w.s.WelcomePageHandlerMapping    : Adding welcome page: class path resource [static/index.html]
2025-04-08T16:47:47.050+02:00  WARN 8372 --- [Kolejka2] [           main] ion$DefaultTemplateResolverConfiguration : Cannot find template location: classpath:/templates/ (please add some templates, check your Thymeleaf configuration, or set spring.thymeleaf.check-template-location=false)
2025-04-08T16:47:47.105+02:00  INFO 8372 --- [Kolejka2] [           main] o.s.m.s.b.SimpleBrokerMessageHandler     : Starting...
2025-04-08T16:47:47.106+02:00  INFO 8372 --- [Kolejka2] [           main] o.s.m.s.b.SimpleBrokerMessageHandler     : BrokerAvailabilityEvent[available=true, SimpleBrokerMessageHandler [org.springframework.messaging.simp.broker.DefaultSubscriptionRegistry@4a89ef44]]
2025-04-08T16:47:47.107+02:00  INFO 8372 --- [Kolejka2] [           main] o.s.m.s.b.SimpleBrokerMessageHandler     : Started.
2025-04-08T16:47:47.141+02:00  INFO 8372 --- [Kolejka2] [           main] c.example.demo.Kolejka2ApplicationTests  : Started Kolejka2ApplicationTests in 1.266 seconds (process running for 1.932)
]]></system-out>
    <system-err><![CDATA[Mockito is currently self-attaching to enable the inline-mock-maker. This will no longer work in future releases of the JDK. Please add Mockito as an agent to your build what is described in Mockito's documentation: https://javadoc.io/doc/org.mockito/mockito-core/latest/org/mockito/Mockito.html#0.3
WARNING: A Java agent has been loaded dynamically (C:\Users\Piotrek\.m2\repository\net\bytebuddy\byte-buddy-agent\1.15.11\byte-buddy-agent-1.15.11.jar)
WARNING: If a serviceability tool is in use, please run with -XX:+EnableDynamicAgentLoading to hide this warning
WARNING: If a serviceability tool is not in use, please run with -Djdk.instrument.traceUsage for more information
WARNING: Dynamic loading of agents will be disallowed by default in a future release
]]></system-err>
  </testcase>
</testsuite>